<?xml version="1.0" encoding="UTF-8"?>
<testng-results skipped="0" failed="0" ignored="0" total="4" passed="4">
  <reporter-output>
  </reporter-output>
  <suite name="Suite" duration-ms="20510" started-at="2020-11-14T14:13:57 IST" finished-at="2020-11-14T14:14:18 IST">
    <groups>
    </groups>
    <test name="Test" duration-ms="20510" started-at="2020-11-14T14:13:57 IST" finished-at="2020-11-14T14:14:18 IST">
      <class name="com.resolver.AutomationTest.ResolverTestClass">
        <test-method status="PASS" signature="setup()[pri:0, instance:com.resolver.AutomationTest.ResolverTestClass@71318ec4]" name="setup" is-config="true" duration-ms="5325" started-at="2020-11-14T14:13:57 IST" finished-at="2020-11-14T14:14:02 IST">
          <reporter-output>
          </reporter-output>
        </test-method> <!-- setup -->
        <test-method status="PASS" signature="FirstTest()[pri:1, instance:com.resolver.AutomationTest.ResolverTestClass@71318ec4]" name="FirstTest" duration-ms="983" started-at="2020-11-14T14:14:02 IST" finished-at="2020-11-14T14:14:03 IST">
          <reporter-output>
          </reporter-output>
        </test-method> <!-- FirstTest -->
        <test-method status="PASS" signature="SecondTest()[pri:2, instance:com.resolver.AutomationTest.ResolverTestClass@71318ec4]" name="SecondTest" duration-ms="589" started-at="2020-11-14T14:14:03 IST" finished-at="2020-11-14T14:14:04 IST">
          <reporter-output>
          </reporter-output>
        </test-method> <!-- SecondTest -->
        <test-method status="PASS" signature="ThirdTest()[pri:3, instance:com.resolver.AutomationTest.ResolverTestClass@71318ec4]" name="ThirdTest" duration-ms="587" started-at="2020-11-14T14:14:04 IST" finished-at="2020-11-14T14:14:05 IST">
          <reporter-output>
          </reporter-output>
        </test-method> <!-- ThirdTest -->
        <test-method status="PASS" signature="FourthTest()[pri:4, instance:com.resolver.AutomationTest.ResolverTestClass@71318ec4]" name="FourthTest" duration-ms="12823" started-at="2020-11-14T14:14:05 IST" finished-at="2020-11-14T14:14:17 IST">
          <reporter-output>
          </reporter-output>
        </test-method> <!-- FourthTest -->
        <test-method status="PASS" signature="finish()[pri:0, instance:com.resolver.AutomationTest.ResolverTestClass@71318ec4]" name="finish" is-config="true" duration-ms="179" started-at="2020-11-14T14:14:17 IST" finished-at="2020-11-14T14:14:18 IST">
          <reporter-output>
          </reporter-output>
        </test-method> <!-- finish -->
      </class> <!-- com.resolver.AutomationTest.ResolverTestClass -->
    </test> <!-- Test -->
  </suite> <!-- Suite -->
</testng-results>
