<?xml version="1.0" encoding="UTF-8"?>
<!-- Generated by org.testng.reporters.JUnitXMLReporter -->
<testsuite hostname="LAPTOP-SSGLA1BM" ignored="0" name="Test" tests="4" failures="0" timestamp="2020-11-14T14:14:18 IST" time="20.51" errors="0">
  <testcase name="FirstTest" time="0.983" classname="com.resolver.AutomationTest.ResolverTestClass"/>
  <testcase name="SecondTest" time="0.589" classname="com.resolver.AutomationTest.ResolverTestClass"/>
  <testcase name="ThirdTest" time="0.587" classname="com.resolver.AutomationTest.ResolverTestClass"/>
  <testcase name="FourthTest" time="12.823" classname="com.resolver.AutomationTest.ResolverTestClass"/>
</testsuite> <!-- Test -->
